<?xml version="1.0" encoding="UTF-8"?>
<!-- Generated by org.testng.reporters.JUnitReportReporter -->
<testsuite skipped="0" hostname="DESKTOP-B7UDF6D" name="com.testng.properties.Soft_Assert" tests="1" failures="0" timestamp="2021-12-26T13:58:56 IST" time="0.030" errors="0">
  <testcase name="username" time="0.030" classname="com.testng.properties.Soft_Assert"/>
  <system-out/>
</testsuite> <!-- com.testng.properties.Soft_Assert -->
