<?xml version="1.0" encoding="UTF-8"?>
<!-- Generated by org.testng.reporters.JUnitReportReporter -->
<testsuite skipped="1" hostname="DESKTOP-B7UDF6D" name="com.testNGRunner.testNG_Adactin_Runner" tests="20" failures="0" timestamp="2021-12-28T01:41:38 IST" time="49.412" errors="0">
  <testcase name="broweLaunch" time="0.300" classname="com.testNGRunner.testNG_Adactin_Runner"/>
  <system-out/>
  <testcase name="getURL" time="2.279" classname="com.testNGRunner.testNG_Adactin_Runner"/>
  <system-out/>
  <testcase name="refresh" time="0.404" classname="com.testNGRunner.testNG_Adactin_Runner"/>
  <system-out/>
  <testcase name="refresh" time="0.394" classname="com.testNGRunner.testNG_Adactin_Runner"/>
  <system-out/>
  <testcase name="login" time="1.821" classname="com.testNGRunner.testNG_Adactin_Runner"/>
  <system-out/>
  <testcase name="sleepone" time="5.002" classname="com.testNGRunner.testNG_Adactin_Runner"/>
  <system-out/>
  <testcase name="location" time="0.342" classname="com.testNGRunner.testNG_Adactin_Runner"/>
  <system-out/>
  <testcase name="hotel" time="0.290" classname="com.testNGRunner.testNG_Adactin_Runner"/>
  <system-out/>
  <testcase name="room_Type" time="0.278" classname="com.testNGRunner.testNG_Adactin_Runner"/>
  <system-out/>
  <testcase name="noOfRooms" time="0.241" classname="com.testNGRunner.testNG_Adactin_Runner"/>
  <system-out/>
  <testcase name="cidcod" time="0.466" classname="com.testNGRunner.testNG_Adactin_Runner"/>
  <system-out/>
  <testcase name="adultsPerRoom" time="0.233" classname="com.testNGRunner.testNG_Adactin_Runner"/>
  <system-out/>
  <testcase name="childsperRoom" time="0.245" classname="com.testNGRunner.testNG_Adactin_Runner"/>
  <system-out/>
  <testcase name="search" time="1.286" classname="com.testNGRunner.testNG_Adactin_Runner"/>
  <system-out/>
  <testcase name="selectHotel" time="1.057" classname="com.testNGRunner.testNG_Adactin_Runner"/>
  <system-out/>
  <testcase name="bookaHotel" time="2.128" classname="com.testNGRunner.testNG_Adactin_Runner"/>
  <system-out/>
  <testcase name="myLit" time="7.251" classname="com.testNGRunner.testNG_Adactin_Runner"/>
  <system-out/>
  <testcase name="selectall" time="15.298" classname="com.testNGRunner.testNG_Adactin_Runner"/>
  <system-out/>
  <testcase name="logout" time="10.097" classname="com.testNGRunner.testNG_Adactin_Runner"/>
  <system-out/>
  <testcase name="sleeptwo" classname="com.testNGRunner.testNG_Adactin_Runner">
    <skipped/>
  </testcase> <!-- sleeptwo -->
  <system-out/>
</testsuite> <!-- com.testNGRunner.testNG_Adactin_Runner -->
