<?xml version="1.0" encoding="UTF-8"?>
<!-- Generated by org.testng.reporters.JUnitReportReporter -->
<testsuite skipped="0" hostname="DESKTOP-B7UDF6D" name="com.testng.properties.Multiple_Datas" tests="2" failures="0" timestamp="2021-12-26T13:55:03 IST" time="0.048" errors="0">
  <testcase name="data" time="0.032" classname="com.testng.properties.Multiple_Datas"/>
  <system-out/>
  <testcase name="data" time="0.016" classname="com.testng.properties.Multiple_Datas"/>
  <system-out/>
</testsuite> <!-- com.testng.properties.Multiple_Datas -->
