<?xml version="1.0" encoding="UTF-8"?>
<!-- Generated by org.testng.reporters.JUnitReportReporter -->
<testsuite skipped="0" hostname="DESKTOP-B7UDF6D" name="com.testNGRunner.TestNG_Automation_Runner" tests="3" failures="0" timestamp="2021-12-27T21:34:47 IST" time="259.053" errors="0">
  <testcase name="Women" time="98.454" classname="com.testNGRunner.TestNG_Automation_Runner"/>
  <system-out/>
  <testcase name="TShirts" time="90.661" classname="com.testNGRunner.TestNG_Automation_Runner"/>
  <system-out/>
  <testcase name="dresses" time="69.938" classname="com.testNGRunner.TestNG_Automation_Runner"/>
  <system-out/>
</testsuite> <!-- com.testNGRunner.TestNG_Automation_Runner -->
