<?xml version="1.0" encoding="UTF-8"?>
<!-- Generated by org.testng.reporters.JUnitReportReporter -->
<testsuite skipped="0" hostname="DESKTOP-B7UDF6D" name="com.testng.properties.Parameterized_Test" tests="2" failures="0" timestamp="2021-12-26T13:53:48 IST" time="0.030" errors="0">
  <testcase name="demo" time="0.020" classname="com.testng.properties.Parameterized_Test"/>
  <system-out/>
  <testcase name="demo1" time="0.010" classname="com.testng.properties.Parameterized_Test"/>
  <system-out/>
</testsuite> <!-- com.testng.properties.Parameterized_Test -->
