<?xml version="1.0" encoding="UTF-8"?>
<!-- Generated by org.testng.reporters.JUnitReportReporter -->
<testsuite skipped="0" hostname="DESKTOP-B7UDF6D" name="com.testng.properties.Priority_Function" tests="3" failures="0" timestamp="2021-12-26T13:55:50 IST" time="0.066" errors="0">
  <testcase name="cTest" time="0.027" classname="com.testng.properties.Priority_Function"/>
  <system-out/>
  <testcase name="bTest" time="0.029" classname="com.testng.properties.Priority_Function"/>
  <system-out/>
  <testcase name="aTest" time="0.010" classname="com.testng.properties.Priority_Function"/>
  <system-out/>
</testsuite> <!-- com.testng.properties.Priority_Function -->
