<?xml version="1.0" encoding="UTF-8"?>
<!-- Generated by org.testng.reporters.JUnitReportReporter -->
<testsuite skipped="0" hostname="DESKTOP-B7UDF6D" name="com.testng.properties.Assert_Concepts" tests="1" failures="0" timestamp="2021-12-26T13:43:41 IST" time="0.034" errors="0">
  <testcase name="username" time="0.034" classname="com.testng.properties.Assert_Concepts"/>
  <system-out/>
</testsuite> <!-- com.testng.properties.Assert_Concepts -->
