<?xml version="1.0" encoding="UTF-8"?>
<!-- Generated by org.testng.reporters.JUnitReportReporter -->
<testsuite skipped="0" hostname="DESKTOP-B7UDF6D" name="com.testng.properties.Grouping" tests="5" failures="0" timestamp="2021-12-26T13:49:17 IST" time="0.072" errors="0">
  <testcase name="am" time="0.030" classname="com.testng.properties.Grouping"/>
  <system-out/>
  <testcase name="bm" time="0.003" classname="com.testng.properties.Grouping"/>
  <system-out/>
  <testcase name="dm" time="0.004" classname="com.testng.properties.Grouping"/>
  <system-out/>
  <testcase name="em" time="0.021" classname="com.testng.properties.Grouping"/>
  <system-out/>
  <testcase name="cm" time="0.014" classname="com.testng.properties.Grouping"/>
  <system-out/>
</testsuite> <!-- com.testng.properties.Grouping -->
