<?xml version="1.0" encoding="UTF-8"?>
<!-- Generated by org.testng.reporters.JUnitReportReporter -->
<testsuite skipped="0" hostname="DESKTOP-B7UDF6D" name="com.testng.properties.Simple_Annotataion" tests="3" failures="0" timestamp="2021-12-26T13:58:13 IST" time="0.069" errors="0">
  <testcase name="aTest" time="0.045" classname="com.testng.properties.Simple_Annotataion"/>
  <system-out/>
  <testcase name="bTest" time="0.018" classname="com.testng.properties.Simple_Annotataion"/>
  <system-out/>
  <testcase name="cTest" time="0.006" classname="com.testng.properties.Simple_Annotataion"/>
  <system-out/>
</testsuite> <!-- com.testng.properties.Simple_Annotataion -->
