<?xml version="1.0" encoding="UTF-8"?>
<!-- Generated by org.testng.reporters.JUnitReportReporter -->
<testsuite skipped="0" hostname="DESKTOP-B7UDF6D" name="com.testng.properties.Invocation_Count" tests="7" failures="0" timestamp="2021-12-26T13:52:52 IST" time="0.116" errors="0">
  <testcase name="em" time="0.010" classname="com.testng.properties.Invocation_Count"/>
  <system-out/>
  <testcase name="em" time="0.028" classname="com.testng.properties.Invocation_Count"/>
  <system-out/>
  <testcase name="dm" time="0.000" classname="com.testng.properties.Invocation_Count"/>
  <system-out/>
  <testcase name="cm" time="0.044" classname="com.testng.properties.Invocation_Count"/>
  <system-out/>
  <testcase name="bm" time="0.010" classname="com.testng.properties.Invocation_Count"/>
  <system-out/>
  <testcase name="am" time="0.005" classname="com.testng.properties.Invocation_Count"/>
  <system-out/>
  <testcase name="am" time="0.019" classname="com.testng.properties.Invocation_Count"/>
  <system-out/>
</testsuite> <!-- com.testng.properties.Invocation_Count -->
