<?xml version="1.0" encoding="UTF-8"?>
<!-- Generated by org.testng.reporters.JUnitReportReporter -->
<testsuite skipped="1" hostname="DESKTOP-B7UDF6D" name="com.testng.properties.Ignoring_Functions" tests="3" failures="0" timestamp="2021-12-26T13:51:55 IST" time="0.030" errors="0">
  <testcase name="cm" time="0.000" classname="com.testng.properties.Ignoring_Functions"/>
  <system-out/>
  <testcase name="bm" time="0.030" classname="com.testng.properties.Ignoring_Functions"/>
  <system-out/>
  <testcase name="dm" classname="com.testng.properties.Ignoring_Functions">
    <skipped/>
  </testcase> <!-- dm -->
  <system-out/>
</testsuite> <!-- com.testng.properties.Ignoring_Functions -->
